2022-11-15 10:52:23.778  WARN 18688 --- [HikariPool-1 housekeeper] com.zaxxer.hikari.pool.HikariPool        : HikariPool-1 - Thread starvation or clock leap detected (housekeeper delta=46s505ms268µs300ns).
2022-11-15 12:37:58.646  INFO 18688 --- [SpringApplicationShutdownHook] j.LocalContainerEntityManagerFactoryBean : Closing JPA EntityManagerFactory for persistence unit 'default'
2022-11-15 12:37:58.790  INFO 18688 --- [SpringApplicationShutdownHook] com.zaxxer.hikari.HikariDataSource       : HikariPool-1 - Shutdown initiated...
2022-11-15 12:37:58.813  INFO 18688 --- [SpringApplicationShutdownHook] com.zaxxer.hikari.HikariDataSource       : HikariPool-1 - Shutdown completed.
2022-11-15 12:38:09.389  INFO 20584 --- [restartedMain] com.student.ust.UstApplication           : Starting UstApplication using Java 1.8.0_241 on ustfsd68 with PID 20584 (C:\Users\ustjavafsdb214\ust\target\classes started by ustjavafsdb214 in C:\Users\ustjavafsdb214\ust)
2022-11-15 12:38:09.392 DEBUG 20584 --- [restartedMain] com.student.ust.UstApplication           : Running with Spring Boot v2.7.5, Spring v5.3.23
2022-11-15 12:38:09.394  INFO 20584 --- [restartedMain] com.student.ust.UstApplication           : The following 1 profile is active: "dev"
2022-11-15 12:38:09.525  INFO 20584 --- [restartedMain] .e.DevToolsPropertyDefaultsPostProcessor : Devtools property defaults active! Set 'spring.devtools.add-properties' to 'false' to disable
2022-11-15 12:38:09.526  INFO 20584 --- [restartedMain] .e.DevToolsPropertyDefaultsPostProcessor : For additional web related logging consider setting the 'logging.level.web' property to 'DEBUG'
2022-11-15 12:38:11.763  INFO 20584 --- [restartedMain] .s.d.r.c.RepositoryConfigurationDelegate : Bootstrapping Spring Data JPA repositories in DEFAULT mode.
2022-11-15 12:38:11.914  INFO 20584 --- [restartedMain] .s.d.r.c.RepositoryConfigurationDelegate : Finished Spring Data repository scanning in 124 ms. Found 2 JPA repository interfaces.
2022-11-15 12:38:13.922  INFO 20584 --- [restartedMain] o.s.b.w.embedded.tomcat.TomcatWebServer  : Tomcat initialized with port(s): 9090 (http)
2022-11-15 12:38:13.947  INFO 20584 --- [restartedMain] o.apache.catalina.core.StandardService   : Starting service [Tomcat]
2022-11-15 12:38:13.948  INFO 20584 --- [restartedMain] org.apache.catalina.core.StandardEngine  : Starting Servlet engine: [Apache Tomcat/9.0.68]
2022-11-15 12:38:14.205  INFO 20584 --- [restartedMain] o.a.c.c.C.[Tomcat].[localhost].[/]       : Initializing Spring embedded WebApplicationContext
2022-11-15 12:38:14.205  INFO 20584 --- [restartedMain] w.s.c.ServletWebServerApplicationContext : Root WebApplicationContext: initialization completed in 4677 ms
2022-11-15 12:38:14.845  INFO 20584 --- [restartedMain] o.hibernate.jpa.internal.util.LogHelper  : HHH000204: Processing PersistenceUnitInfo [name: default]
2022-11-15 12:38:14.995  INFO 20584 --- [restartedMain] org.hibernate.Version                    : HHH000412: Hibernate ORM core version 5.6.12.Final
2022-11-15 12:38:15.362  INFO 20584 --- [restartedMain] o.hibernate.annotations.common.Version   : HCANN000001: Hibernate Commons Annotations {5.1.2.Final}
2022-11-15 12:38:15.597  INFO 20584 --- [restartedMain] com.zaxxer.hikari.HikariDataSource       : HikariPool-1 - Starting...
2022-11-15 12:38:16.281  INFO 20584 --- [restartedMain] com.zaxxer.hikari.HikariDataSource       : HikariPool-1 - Start completed.
2022-11-15 12:38:16.316  INFO 20584 --- [restartedMain] org.hibernate.dialect.Dialect            : HHH000400: Using dialect: org.hibernate.dialect.MySQL5Dialect
2022-11-15 12:38:17.911 DEBUG 20584 --- [restartedMain] org.hibernate.SQL                        : alter table book_ustbatch_mappedby add constraint FKnhr0971seg0rt4aos8h335rp5 foreign key (student_id) references student_ustbatch_mappedby (student_id)
2022-11-15 12:38:18.175 DEBUG 20584 --- [restartedMain] org.hibernate.SQL                        : alter table student_ustbatch_mappedby add constraint FK2vgtgat13wkd5acnym3mcvhng foreign key (book_id) references book_ustbatch_mappedby (book_id)
2022-11-15 12:38:18.298  INFO 20584 --- [restartedMain] o.h.e.t.j.p.i.JtaPlatformInitiator       : HHH000490: Using JtaPlatform implementation: [org.hibernate.engine.transaction.jta.platform.internal.NoJtaPlatform]
2022-11-15 12:38:18.319  INFO 20584 --- [restartedMain] j.LocalContainerEntityManagerFactoryBean : Initialized JPA EntityManagerFactory for persistence unit 'default'
2022-11-15 12:38:20.636  WARN 20584 --- [restartedMain] JpaBaseConfiguration$JpaWebConfiguration : spring.jpa.open-in-view is enabled by default. Therefore, database queries may be performed during view rendering. Explicitly configure spring.jpa.open-in-view to disable this warning
2022-11-15 12:38:20.935  INFO 20584 --- [restartedMain] pertySourcedRequestMappingHandlerMapping : Mapped URL path [/v2/api-docs] onto method [springfox.documentation.swagger2.web.Swagger2Controller#getDocumentation(String, HttpServletRequest)]
2022-11-15 12:38:21.216  INFO 20584 --- [restartedMain] o.s.b.d.a.OptionalLiveReloadServer       : LiveReload server is running on port 35729
2022-11-15 12:38:23.021  INFO 20584 --- [restartedMain] o.s.b.w.embedded.tomcat.TomcatWebServer  : Tomcat started on port(s): 9090 (http) with context path ''
2022-11-15 12:38:23.023  INFO 20584 --- [restartedMain] d.s.w.p.DocumentationPluginsBootstrapper : Context refreshed
2022-11-15 12:38:23.063  INFO 20584 --- [restartedMain] d.s.w.p.DocumentationPluginsBootstrapper : Found 1 custom documentation plugin(s)
2022-11-15 12:38:23.132  INFO 20584 --- [restartedMain] s.d.s.w.s.ApiListingReferenceScanner     : Scanning for api listing references
2022-11-15 12:38:23.435  INFO 20584 --- [restartedMain] .d.s.w.r.o.CachingOperationNameGenerator : Generating unique operation named: addUsingPOST_1
2022-11-15 12:38:23.441  INFO 20584 --- [restartedMain] .d.s.w.r.o.CachingOperationNameGenerator : Generating unique operation named: deleteUsingDELETE_1
2022-11-15 12:38:23.447  INFO 20584 --- [restartedMain] .d.s.w.r.o.CachingOperationNameGenerator : Generating unique operation named: getUsingGET_1
2022-11-15 12:38:23.452  INFO 20584 --- [restartedMain] .d.s.w.r.o.CachingOperationNameGenerator : Generating unique operation named: get2UsingGET_1
2022-11-15 12:38:23.502  INFO 20584 --- [restartedMain] com.student.ust.UstApplication           : Started UstApplication in 14.886 seconds (JVM running for 15.862)
